<?xml version="1.0" encoding="UTF-8"?>
<!-- Generated by org.testng.reporters.JUnitReportReporter -->
<testsuite hostname="DESKTOP-RA7U0ME" failures="0" tests="2" name="MavenPractice.DemoClass2Test" time="0.009" errors="0" timestamp="2024-01-24T11:31:12 IST" skipped="0">
  <testcase classname="MavenPractice.DemoClass2Test" name="run3Test" time="0.002"/>
  <system-out/>
  <testcase classname="MavenPractice.DemoClass2Test" name="run4Test" time="0.007"/>
  <system-out/>
</testsuite> <!-- MavenPractice.DemoClass2Test -->
