<?xml version="1.0" encoding="UTF-8"?>
<!-- Generated by org.testng.reporters.JUnitReportReporter -->
<testsuite hostname="DESKTOP-RA7U0ME" failures="0" tests="1" name="MavenPractice.DemoClass1Test" time="0.017" errors="0" timestamp="2024-01-24T11:31:12 IST" skipped="0">
  <testcase classname="MavenPractice.DemoClass1Test" name="run2Test" time="0.017"/>
  <system-out/>
</testsuite> <!-- MavenPractice.DemoClass1Test -->
